<?xml version="1.0" encoding="UTF-8"?>
<testng-results skipped="0" failed="0" ignored="0" total="2" passed="2">
  <reporter-output>
  </reporter-output>
  <suite name="Default suite" duration-ms="192286" started-at="2019-04-21T05:23:52Z" finished-at="2019-04-21T05:27:05Z">
    <groups>
      <group name="cucumber">
        <method signature="AbstractTestNGCucumberTests.runScenario(cucumber.api.testng.PickleEventWrapper, cucumber.api.testng.CucumberFeatureWrapper)[pri:0, instance:runner.LoginUsingCucumber@297b3a]" name="runScenario" class="cucumber.api.testng.AbstractTestNGCucumberTests"/>
      </group> <!-- cucumber -->
    </groups>
    <test name="Default test" duration-ms="192286" started-at="2019-04-21T05:23:52Z" finished-at="2019-04-21T05:27:05Z">
      <class name="runner.LoginUsingCucumber">
        <test-method status="PASS" signature="startReport()[pri:0, instance:runner.LoginUsingCucumber@297b3a]" name="startReport" is-config="true" duration-ms="23846" started-at="2019-04-21T05:23:29Z" finished-at="2019-04-21T05:23:52Z">
          <reporter-output>
          </reporter-output>
        </test-method> <!-- startReport -->
        <test-method status="PASS" signature="setData()[pri:0, instance:runner.LoginUsingCucumber@297b3a]" name="setData" is-config="true" duration-ms="129197" started-at="2019-04-21T05:23:52Z" finished-at="2019-04-21T05:26:02Z">
          <reporter-output>
          </reporter-output>
        </test-method> <!-- setData -->
        <test-method status="PASS" signature="setUpClass()[pri:0, instance:runner.LoginUsingCucumber@297b3a]" name="setUpClass" is-config="true" duration-ms="486" started-at="2019-04-21T05:26:02Z" finished-at="2019-04-21T05:26:02Z">
          <reporter-output>
          </reporter-output>
        </test-method> <!-- setUpClass -->
        <test-method status="PASS" signature="report()[pri:0, instance:runner.LoginUsingCucumber@297b3a]" name="report" is-config="true" duration-ms="12813" started-at="2019-04-21T05:26:02Z" finished-at="2019-04-21T05:26:15Z">
          <reporter-output>
          </reporter-output>
        </test-method> <!-- report -->
        <test-method status="PASS" signature="beforeMethod()[pri:0, instance:runner.LoginUsingCucumber@297b3a]" name="beforeMethod" is-config="true" duration-ms="27816" started-at="2019-04-21T05:26:15Z" finished-at="2019-04-21T05:26:43Z">
          <reporter-output>
          </reporter-output>
        </test-method> <!-- beforeMethod -->
        <test-method status="PASS" signature="runScenario(cucumber.api.testng.PickleEventWrapper, cucumber.api.testng.CucumberFeatureWrapper)[pri:0, instance:runner.LoginUsingCucumber@297b3a]" name="runScenario" duration-ms="4877" started-at="2019-04-21T05:26:43Z" description="Runs Cucumber Scenarios" data-provider="scenarios" finished-at="2019-04-21T05:26:48Z">
          <params>
            <param index="0">
              <value>
                <![CDATA["TC001 Positive Login Flow"]]>
              </value>
            </param>
            <param index="1">
              <value>
                <![CDATA["Login For LeafTaps Application"]]>
              </value>
            </param>
          </params>
          <reporter-output>
          </reporter-output>
        </test-method> <!-- runScenario -->
        <test-method status="PASS" signature="afterMethod()[pri:0, instance:runner.LoginUsingCucumber@297b3a]" name="afterMethod" is-config="true" duration-ms="350" started-at="2019-04-21T05:26:48Z" finished-at="2019-04-21T05:26:48Z">
          <reporter-output>
          </reporter-output>
        </test-method> <!-- afterMethod -->
        <test-method status="PASS" signature="beforeMethod()[pri:0, instance:runner.LoginUsingCucumber@297b3a]" name="beforeMethod" is-config="true" duration-ms="12176" started-at="2019-04-21T05:26:48Z" finished-at="2019-04-21T05:27:00Z">
          <reporter-output>
          </reporter-output>
        </test-method> <!-- beforeMethod -->
        <test-method status="PASS" signature="runScenario(cucumber.api.testng.PickleEventWrapper, cucumber.api.testng.CucumberFeatureWrapper)[pri:0, instance:runner.LoginUsingCucumber@297b3a]" name="runScenario" duration-ms="4023" started-at="2019-04-21T05:27:00Z" description="Runs Cucumber Scenarios" data-provider="scenarios" finished-at="2019-04-21T05:27:04Z">
          <params>
            <param index="0">
              <value>
                <![CDATA["TC001 Positive Login Flow"]]>
              </value>
            </param>
            <param index="1">
              <value>
                <![CDATA["Login For LeafTaps Application"]]>
              </value>
            </param>
          </params>
          <reporter-output>
          </reporter-output>
        </test-method> <!-- runScenario -->
        <test-method status="PASS" signature="afterMethod()[pri:0, instance:runner.LoginUsingCucumber@297b3a]" name="afterMethod" is-config="true" duration-ms="229" started-at="2019-04-21T05:27:04Z" finished-at="2019-04-21T05:27:05Z">
          <reporter-output>
          </reporter-output>
        </test-method> <!-- afterMethod -->
        <test-method status="PASS" signature="tearDownClass()[pri:0, instance:runner.LoginUsingCucumber@297b3a]" name="tearDownClass" is-config="true" duration-ms="16" started-at="2019-04-21T05:27:05Z" finished-at="2019-04-21T05:27:05Z">
          <reporter-output>
          </reporter-output>
        </test-method> <!-- tearDownClass -->
        <test-method status="PASS" signature="stopReport()[pri:0, instance:runner.LoginUsingCucumber@297b3a]" name="stopReport" is-config="true" duration-ms="1375" started-at="2019-04-21T05:27:05Z" finished-at="2019-04-21T05:27:06Z">
          <reporter-output>
          </reporter-output>
        </test-method> <!-- stopReport -->
      </class> <!-- runner.LoginUsingCucumber -->
    </test> <!-- Default test -->
  </suite> <!-- Default suite -->
</testng-results>
